2022-10-31 13:54:59.635  INFO 16564 --- [main] be.sloth.ooorder.api.OrderControlTest    : Starting OrderControlTest using Java 17 on LAP0513 with PID 16564 (started by fobe in C:\_development\stuff\ooorder)
2022-10-31 13:54:59.641  INFO 16564 --- [main] be.sloth.ooorder.api.OrderControlTest    : No active profile set, falling back to 1 default profile: "default"
2022-10-31 13:55:00.792  INFO 16564 --- [main] o.s.b.w.embedded.tomcat.TomcatWebServer  : Tomcat initialized with port(s): 0 (http)
2022-10-31 13:55:00.809  INFO 16564 --- [main] o.apache.catalina.core.StandardService   : Starting service [Tomcat]
2022-10-31 13:55:00.809  INFO 16564 --- [main] org.apache.catalina.core.StandardEngine  : Starting Servlet engine: [Apache Tomcat/9.0.68]
2022-10-31 13:55:00.899  INFO 16564 --- [main] o.a.c.c.C.[Tomcat].[localhost].[/]       : Initializing Spring embedded WebApplicationContext
2022-10-31 13:55:00.899  INFO 16564 --- [main] w.s.c.ServletWebServerApplicationContext : Root WebApplicationContext: initialization completed in 1099 ms
2022-10-31 13:55:02.314  INFO 16564 --- [main] o.s.b.w.embedded.tomcat.TomcatWebServer  : Tomcat started on port(s): 65140 (http) with context path ''
2022-10-31 13:55:02.324  INFO 16564 --- [main] be.sloth.ooorder.api.OrderControlTest    : Started OrderControlTest in 2.981 seconds (JVM running for 3.716)
2022-10-31 13:55:03.319  INFO 16564 --- [http-nio-auto-1-exec-1] o.a.c.c.C.[Tomcat].[localhost].[/]       : Initializing Spring DispatcherServlet 'dispatcherServlet'
2022-10-31 13:55:03.319  INFO 16564 --- [http-nio-auto-1-exec-1] o.s.web.servlet.DispatcherServlet        : Initializing Servlet 'dispatcherServlet'
2022-10-31 13:55:03.320  INFO 16564 --- [http-nio-auto-1-exec-1] o.s.web.servlet.DispatcherServlet        : Completed initialization in 0 ms
2022-10-31 13:55:03.476  INFO 16564 --- [main] o.apache.catalina.core.StandardService   : Stopping service [Tomcat]
2022-10-31 13:55:03.477  INFO 16564 --- [main] o.a.c.c.C.[Tomcat].[localhost].[/]       : Destroying Spring FrameworkServlet 'dispatcherServlet'
2022-10-31 13:55:56.758  INFO 25732 --- [main] be.sloth.ooorder.OoorderApplication      : Starting OoorderApplication using Java 17 on LAP0513 with PID 25732 (C:\_development\stuff\ooorder\target\classes started by fobe in C:\_development\stuff\ooorder)
2022-10-31 13:55:56.759  INFO 25732 --- [main] be.sloth.ooorder.OoorderApplication      : No active profile set, falling back to 1 default profile: "default"
2022-10-31 13:55:57.471  INFO 25732 --- [main] o.s.b.w.embedded.tomcat.TomcatWebServer  : Tomcat initialized with port(s): 8080 (http)
2022-10-31 13:55:57.476  INFO 25732 --- [main] o.apache.catalina.core.StandardService   : Starting service [Tomcat]
2022-10-31 13:55:57.477  INFO 25732 --- [main] org.apache.catalina.core.StandardEngine  : Starting Servlet engine: [Apache Tomcat/9.0.68]
2022-10-31 13:55:57.550  INFO 25732 --- [main] o.a.c.c.C.[Tomcat].[localhost].[/]       : Initializing Spring embedded WebApplicationContext
2022-10-31 13:55:57.550  INFO 25732 --- [main] w.s.c.ServletWebServerApplicationContext : Root WebApplicationContext: initialization completed in 650 ms
2022-10-31 13:55:58.164  INFO 25732 --- [main] o.s.b.w.embedded.tomcat.TomcatWebServer  : Tomcat started on port(s): 8080 (http) with context path ''
2022-10-31 13:55:58.172  INFO 25732 --- [main] be.sloth.ooorder.OoorderApplication      : Started OoorderApplication in 1.657 seconds (JVM running for 2.061)
2022-10-31 13:56:46.235  INFO 25732 --- [http-nio-8080-exec-2] o.a.c.c.C.[Tomcat].[localhost].[/]       : Initializing Spring DispatcherServlet 'dispatcherServlet'
2022-10-31 13:56:46.235  INFO 25732 --- [http-nio-8080-exec-2] o.s.web.servlet.DispatcherServlet        : Initializing Servlet 'dispatcherServlet'
2022-10-31 13:56:46.236  INFO 25732 --- [http-nio-8080-exec-2] o.s.web.servlet.DispatcherServlet        : Completed initialization in 1 ms
